# JRE version: Java(TM) SE Runtime Environment (7.0_51-b13) (build 1.7.0_51-b13)
# Java VM: Java HotSpot(TM) Client VM (24.51-b03 mixed mode, sharing windows-x86 )
Heap
 def new generation   total 9152K, used 5374K [0x247d0000, 0x251b0000, 0x29d20000)
  eden space 8192K,  65% used [0x247d0000, 0x24d0fa70, 0x24fd0000)
  from space 960K,   0% used [0x24fd0000, 0x24fd0000, 0x250c0000)
  to   space 960K,   0% used [0x250c0000, 0x250c0000, 0x251b0000)
 tenured generation   total 20160K, used 12095K [0x29d20000, 0x2b0d0000, 0x347d0000)
   the space 20160K,  59% used [0x29d20000, 0x2a8efec0, 0x2a8f0000, 0x2b0d0000)
 compacting perm gen  total 12288K, used 2344K [0x347d0000, 0x353d0000, 0x387d0000)
   the space 12288K,  19% used [0x347d0000, 0x34a1a1a8, 0x34a1a200, 0x353d0000)
    ro space 10240K,  44% used [0x387d0000, 0x38c47e30, 0x38c48000, 0x391d0000)
    rw space 12288K,  52% used [0x391d0000, 0x3981eb58, 0x3981ec00, 0x39dd0000)
GC Heap History (10 events):
Event: 1.492 GC heap before
{Heap before GC invocations=0 (full 0):
 def new generation   total 4928K, used 4416K [0x247d0000, 0x24d20000, 0x29d20000)
  eden space 4416K, 100% used [0x247d0000, 0x24c20000, 0x24c20000)
  from space 512K,   0% used [0x24c20000, 0x24c20000, 0x24ca0000)
  to   space 512K,   0% used [0x24ca0000, 0x24ca0000, 0x24d20000)
 tenured generation   total 10944K, used 5625K [0x29d20000, 0x2a7d0000, 0x347d0000)
   the space 10944K,  51% used [0x29d20000, 0x2a29e410, 0x2a29e600, 0x2a7d0000)
 compacting perm gen  total 12288K, used 416K [0x347d0000, 0x353d0000, 0x387d0000)
   the space 12288K,   3% used [0x347d0000, 0x34838038, 0x34838200, 0x353d0000)
    ro space 10240K,  44% used [0x387d0000, 0x38c47e30, 0x38c48000, 0x391d0000)
    rw space 12288K,  52% used [0x391d0000, 0x3981eb58, 0x3981ec00, 0x39dd0000)
Event: 1.497 GC heap after
Heap after GC invocations=1 (full 0):
 def new generation   total 4928K, used 391K [0x247d0000, 0x24d20000, 0x29d20000)
  eden space 4416K,   0% used [0x247d0000, 0x247d0000, 0x24c20000)
  from space 512K,  76% used [0x24ca0000, 0x24d01fd8, 0x24d20000)
  to   space 512K,   0% used [0x24c20000, 0x24c20000, 0x24ca0000)
 tenured generation   total 10944K, used 5625K [0x29d20000, 0x2a7d0000, 0x347d0000)
   the space 10944K,  51% used [0x29d20000, 0x2a29e410, 0x2a29e600, 0x2a7d0000)
 compacting perm gen  total 12288K, used 416K [0x347d0000, 0x353d0000, 0x387d0000)
   the space 12288K,   3% used [0x347d0000, 0x34838038, 0x34838200, 0x353d0000)
    ro space 10240K,  44% used [0x387d0000, 0x38c47e30, 0x38c48000, 0x391d0000)
    rw space 12288K,  52% used [0x391d0000, 0x3981eb58, 0x3981ec00, 0x39dd0000)
}
Event: 2.822 GC heap before
{Heap before GC invocations=1 (full 0):
 def new generation   total 4928K, used 3067K [0x247d0000, 0x24d20000, 0x29d20000)
  eden space 4416K,  60% used [0x247d0000, 0x24a6d018, 0x24c20000)
  from space 512K,  76% used [0x24ca0000, 0x24d01fd8, 0x24d20000)
  to   space 512K,   0% used [0x24c20000, 0x24c20000, 0x24ca0000)
 tenured generation   total 10944K, used 5625K [0x29d20000, 0x2a7d0000, 0x347d0000)
   the space 10944K,  51% used [0x29d20000, 0x2a29e410, 0x2a29e600, 0x2a7d0000)
 compacting perm gen  total 12288K, used 625K [0x347d0000, 0x353d0000, 0x387d0000)
   the space 12288K,   5% used [0x347d0000, 0x3486c540, 0x3486c600, 0x353d0000)
    ro space 10240K,  44% used [0x387d0000, 0x38c47e30, 0x38c48000, 0x391d0000)
    rw space 12288K,  52% used [0x391d0000, 0x3981eb58, 0x3981ec00, 0x39dd0000)
Event: 2.829 GC heap after
Heap after GC invocations=2 (full 0):
 def new generation   total 4928K, used 157K [0x247d0000, 0x24d20000, 0x29d20000)
  eden space 4416K,   0% used [0x247d0000, 0x247d0000, 0x24c20000)
  from space 512K,  30% used [0x24c20000, 0x24c47638, 0x24ca0000)
  to   space 512K,   0% used [0x24ca0000, 0x24ca0000, 0x24d20000)
 tenured generation   total 10944K, used 5995K [0x29d20000, 0x2a7d0000, 0x347d0000)
   the space 10944K,  54% used [0x29d20000, 0x2a2faeb8, 0x2a2fb000, 0x2a7d0000)
 compacting perm gen  total 12288K, used 625K [0x347d0000, 0x353d0000, 0x387d0000)
   the space 12288K,   5% used [0x347d0000, 0x3486c540, 0x3486c600, 0x353d0000)
    ro space 10240K,  44% used [0x387d0000, 0x38c47e30, 0x38c48000, 0x391d0000)
    rw space 12288K,  52% used [0x391d0000, 0x3981eb58, 0x3981ec00, 0x39dd0000)
}
Event: 32.940 GC heap before
{Heap before GC invocations=2 (full 0):
 def new generation   total 4928K, used 4573K [0x247d0000, 0x24d20000, 0x29d20000)
  eden space 4416K, 100% used [0x247d0000, 0x24c20000, 0x24c20000)
  from space 512K,  30% used [0x24c20000, 0x24c47638, 0x24ca0000)
  to   space 512K,   0% used [0x24ca0000, 0x24ca0000, 0x24d20000)
 tenured generation   total 10944K, used 5995K [0x29d20000, 0x2a7d0000, 0x347d0000)
   the space 10944K,  54% used [0x29d20000, 0x2a2faeb8, 0x2a2fb000, 0x2a7d0000)
 compacting perm gen  total 12288K, used 789K [0x347d0000, 0x353d0000, 0x387d0000)
   the space 12288K,   6% used [0x347d0000, 0x348957f8, 0x34895800, 0x353d0000)
    ro space 10240K,  44% used [0x387d0000, 0x38c47e30, 0x38c48000, 0x391d0000)
    rw space 12288K,  52% used [0x391d0000, 0x3981eb58, 0x3981ec00, 0x39dd0000)
Event: 32.950 GC heap after
Heap after GC invocations=3 (full 0):
 def new generation   total 4928K, used 406K [0x247d0000, 0x24d20000, 0x29d20000)
  eden space 4416K,   0% used [0x247d0000, 0x247d0000, 0x24c20000)
  from space 512K,  79% used [0x24ca0000, 0x24d05a90, 0x24d20000)
  to   space 512K,   0% used [0x24c20000, 0x24c20000, 0x24ca0000)
 tenured generation   total 10944K, used 9728K [0x29d20000, 0x2a7d0000, 0x347d0000)
   the space 10944K,  88% used [0x29d20000, 0x2a6a01c8, 0x2a6a0200, 0x2a7d0000)
 compacting perm gen  total 12288K, used 789K [0x347d0000, 0x353d0000, 0x387d0000)
   the space 12288K,   6% used [0x347d0000, 0x348957f8, 0x34895800, 0x353d0000)
    ro space 10240K,  44% used [0x387d0000, 0x38c47e30, 0x38c48000, 0x391d0000)
    rw space 12288K,  52% used [0x391d0000, 0x3981eb58, 0x3981ec00, 0x39dd0000)
}
Event: 47.987 GC heap before
{Heap before GC invocations=3 (full 0):
 def new generation   total 4928K, used 4822K [0x247d0000, 0x24d20000, 0x29d20000)
  eden space 4416K, 100% used [0x247d0000, 0x24c20000, 0x24c20000)
  from space 512K,  79% used [0x24ca0000, 0x24d05a90, 0x24d20000)
  to   space 512K,   0% used [0x24c20000, 0x24c20000, 0x24ca0000)
 tenured generation   total 10944K, used 9728K [0x29d20000, 0x2a7d0000, 0x347d0000)
   the space 10944K,  88% used [0x29d20000, 0x2a6a01c8, 0x2a6a0200, 0x2a7d0000)
 compacting perm gen  total 12288K, used 1987K [0x347d0000, 0x353d0000, 0x387d0000)
   the space 12288K,  16% used [0x347d0000, 0x349c0d20, 0x349c0e00, 0x353d0000)
    ro space 10240K,  44% used [0x387d0000, 0x38c47e30, 0x38c48000, 0x391d0000)
    rw space 12288K,  52% used [0x391d0000, 0x3981eb58, 0x3981ec00, 0x39dd0000)
Event: 47.997 GC heap after
Heap after GC invocations=4 (full 0):
 def new generation   total 4928K, used 512K [0x247d0000, 0x24d20000, 0x29d20000)
  eden space 4416K,   0% used [0x247d0000, 0x247d0000, 0x24c20000)
  from space 512K, 100% used [0x24c20000, 0x24ca0000, 0x24ca0000)
  to   space 512K,   0% used [0x24ca0000, 0x24ca0000, 0x24d20000)
 tenured generation   total 10944K, used 10757K [0x29d20000, 0x2a7d0000, 0x347d0000)
   the space 10944K,  98% used [0x29d20000, 0x2a7a1788, 0x2a7a1800, 0x2a7d0000)
 compacting perm gen  total 12288K, used 1987K [0x347d0000, 0x353d0000, 0x387d0000)
   the space 12288K,  16% used [0x347d0000, 0x349c0d20, 0x349c0e00, 0x353d0000)
    ro space 10240K,  44% used [0x387d0000, 0x38c47e30, 0x38c48000, 0x391d0000)
    rw space 12288K,  52% used [0x391d0000, 0x3981eb58, 0x3981ec00, 0x39dd0000)
}
Event: 418.561 GC heap before
{Heap before GC invocations=4 (full 0):
 def new generation   total 4928K, used 4928K [0x247d0000, 0x24d20000, 0x29d20000)
  eden space 4416K, 100% used [0x247d0000, 0x24c20000, 0x24c20000)
  from space 512K, 100% used [0x24c20000, 0x24ca0000, 0x24ca0000)
  to   space 512K,   0% used [0x24ca0000, 0x24ca0000, 0x24d20000)
 tenured generation   total 10944K, used 10757K [0x29d20000, 0x2a7d0000, 0x347d0000)
   the space 10944K,  98% used [0x29d20000, 0x2a7a1788, 0x2a7a1800, 0x2a7d0000)
 compacting perm gen  total 12288K, used 2253K [0x347d0000, 0x353d0000, 0x387d0000)
   the space 12288K,  18% used [0x347d0000, 0x34a03570, 0x34a03600, 0x353d0000)
    ro space 10240K,  44% used [0x387d0000, 0x38c47e30, 0x38c48000, 0x391d0000)
    rw space 12288K,  52% used [0x391d0000, 0x3981eb58, 0x3981ec00, 0x39dd0000)
Event: 418.631 GC heap after
Heap after GC invocations=5 (full 1):
 def new generation   total 9152K, used 417K [0x247d0000, 0x251b0000, 0x29d20000)
  eden space 8192K,   5% used [0x247d0000, 0x24838588, 0x24fd0000)
  from space 960K,   0% used [0x24fd0000, 0x24fd0000, 0x250c0000)
  to   space 960K,   0% used [0x250c0000, 0x250c0000, 0x251b0000)
 tenured generation   total 20160K, used 12095K [0x29d20000, 0x2b0d0000, 0x347d0000)
   the space 20160K,  59% used [0x29d20000, 0x2a8efec0, 0x2a8f0000, 0x2b0d0000)
 compacting perm gen  total 12288K, used 2253K [0x347d0000, 0x353d0000, 0x387d0000)
   the space 12288K,  18% used [0x347d0000, 0x34a03570, 0x34a03600, 0x353d0000)
    ro space 10240K,  44% used [0x387d0000, 0x38c47e30, 0x38c48000, 0x391d0000)
    rw space 12288K,  52% used [0x391d0000, 0x3981eb58, 0x3981ec00, 0x39dd0000)
}

