# JRE version: Java(TM) SE Runtime Environment (7.0_51-b13) (build 1.7.0_51-b13)
# Java VM: Java HotSpot(TM) Client VM (24.51-b03 mixed mode, sharing windows-x86 )
Heap
 def new generation   total 78656K, used 78655K [0x247d0000, 0x29d20000, 0x29d20000)
  eden space 69952K, 100% used [0x247d0000, 0x28c20000, 0x28c20000)
  from space 8704K,  99% used [0x28c20000, 0x2949fff8, 0x294a0000)
  to   space 8704K,   0% used [0x294a0000, 0x294a0000, 0x29d20000)
 tenured generation   total 174784K, used 174784K [0x29d20000, 0x347d0000, 0x347d0000)
   the space 174784K, 100% used [0x29d20000, 0x347d0000, 0x347d0000, 0x347d0000)
 compacting perm gen  total 12288K, used 1560K [0x347d0000, 0x353d0000, 0x387d0000)
   the space 12288K,  12% used [0x347d0000, 0x34956030, 0x34956200, 0x353d0000)
    ro space 10240K,  44% used [0x387d0000, 0x38c47e30, 0x38c48000, 0x391d0000)
    rw space 12288K,  52% used [0x391d0000, 0x3981eb58, 0x3981ec00, 0x39dd0000)
GC Heap History (10 events):
Event: 13.953 GC heap after
Heap after GC invocations=25 (full 12):
 def new generation   total 78656K, used 77403K [0x247d0000, 0x29d20000, 0x29d20000)
  eden space 69952K,  99% used [0x247d0000, 0x28c1fff0, 0x28c20000)
  from space 8704K,  85% used [0x28c20000, 0x29366dd8, 0x294a0000)
  to   space 8704K,   0% used [0x294a0000, 0x294a0000, 0x29d20000)
 tenured generation   total 174784K, used 174783K [0x29d20000, 0x347d0000, 0x347d0000)
   the space 174784K,  99% used [0x29d20000, 0x347cfff0, 0x347d0000, 0x347d0000)
 compacting perm gen  total 12288K, used 1560K [0x347d0000, 0x353d0000, 0x387d0000)
   the space 12288K,  12% used [0x347d0000, 0x34956030, 0x34956200, 0x353d0000)
    ro space 10240K,  44% used [0x387d0000, 0x38c47e30, 0x38c48000, 0x391d0000)
    rw space 12288K,  52% used [0x391d0000, 0x3981eb58, 0x3981ec00, 0x39dd0000)
}
Event: 13.975 GC heap before
{Heap before GC invocations=25 (full 12):
 def new generation   total 78656K, used 78655K [0x247d0000, 0x29d20000, 0x29d20000)
  eden space 69952K, 100% used [0x247d0000, 0x28c20000, 0x28c20000)
  from space 8704K,  99% used [0x28c20000, 0x2949fff8, 0x294a0000)
  to   space 8704K,   0% used [0x294a0000, 0x294a0000, 0x29d20000)
 tenured generation   total 174784K, used 174783K [0x29d20000, 0x347d0000, 0x347d0000)
   the space 174784K,  99% used [0x29d20000, 0x347cfff0, 0x347d0000, 0x347d0000)
 compacting perm gen  total 12288K, used 1560K [0x347d0000, 0x353d0000, 0x387d0000)
   the space 12288K,  12% used [0x347d0000, 0x34956030, 0x34956200, 0x353d0000)
    ro space 10240K,  44% used [0x387d0000, 0x38c47e30, 0x38c48000, 0x391d0000)
    rw space 12288K,  52% used [0x391d0000, 0x3981eb58, 0x3981ec00, 0x39dd0000)
Event: 15.144 GC heap after
Heap after GC invocations=26 (full 13):
 def new generation   total 78656K, used 78029K [0x247d0000, 0x29d20000, 0x29d20000)
  eden space 69952K,  99% used [0x247d0000, 0x28c1fff0, 0x28c20000)
  from space 8704K,  92% used [0x28c20000, 0x294036f0, 0x294a0000)
  to   space 8704K,   0% used [0x294a0000, 0x294a0000, 0x29d20000)
 tenured generation   total 174784K, used 174783K [0x29d20000, 0x347d0000, 0x347d0000)
   the space 174784K,  99% used [0x29d20000, 0x347cfff0, 0x347d0000, 0x347d0000)
 compacting perm gen  total 12288K, used 1560K [0x347d0000, 0x353d0000, 0x387d0000)
   the space 12288K,  12% used [0x347d0000, 0x34956030, 0x34956200, 0x353d0000)
    ro space 10240K,  44% used [0x387d0000, 0x38c47e30, 0x38c48000, 0x391d0000)
    rw space 12288K,  52% used [0x391d0000, 0x3981eb58, 0x3981ec00, 0x39dd0000)
}
Event: 15.155 GC heap before
{Heap before GC invocations=26 (full 13):
 def new generation   total 78656K, used 78655K [0x247d0000, 0x29d20000, 0x29d20000)
  eden space 69952K, 100% used [0x247d0000, 0x28c20000, 0x28c20000)
  from space 8704K,  99% used [0x28c20000, 0x2949fff8, 0x294a0000)
  to   space 8704K,   0% used [0x294a0000, 0x294a0000, 0x29d20000)
 tenured generation   total 174784K, used 174784K [0x29d20000, 0x347d0000, 0x347d0000)
   the space 174784K, 100% used [0x29d20000, 0x347d0000, 0x347d0000, 0x347d0000)
 compacting perm gen  total 12288K, used 1560K [0x347d0000, 0x353d0000, 0x387d0000)
   the space 12288K,  12% used [0x347d0000, 0x34956030, 0x34956200, 0x353d0000)
    ro space 10240K,  44% used [0x387d0000, 0x38c47e30, 0x38c48000, 0x391d0000)
    rw space 12288K,  52% used [0x391d0000, 0x3981eb58, 0x3981ec00, 0x39dd0000)
Event: 16.345 GC heap after
Heap after GC invocations=27 (full 14):
 def new generation   total 78656K, used 78342K [0x247d0000, 0x29d20000, 0x29d20000)
  eden space 69952K,  99% used [0x247d0000, 0x28c1fff0, 0x28c20000)
  from space 8704K,  96% used [0x28c20000, 0x29451b58, 0x294a0000)
  to   space 8704K,   0% used [0x294a0000, 0x294a0000, 0x29d20000)
 tenured generation   total 174784K, used 174784K [0x29d20000, 0x347d0000, 0x347d0000)
   the space 174784K, 100% used [0x29d20000, 0x347d0000, 0x347d0000, 0x347d0000)
 compacting perm gen  total 12288K, used 1560K [0x347d0000, 0x353d0000, 0x387d0000)
   the space 12288K,  12% used [0x347d0000, 0x34956030, 0x34956200, 0x353d0000)
    ro space 10240K,  44% used [0x387d0000, 0x38c47e30, 0x38c48000, 0x391d0000)
    rw space 12288K,  52% used [0x391d0000, 0x3981eb58, 0x3981ec00, 0x39dd0000)
}
Event: 16.351 GC heap before
{Heap before GC invocations=27 (full 14):
 def new generation   total 78656K, used 78655K [0x247d0000, 0x29d20000, 0x29d20000)
  eden space 69952K, 100% used [0x247d0000, 0x28c20000, 0x28c20000)
  from space 8704K,  99% used [0x28c20000, 0x2949fff8, 0x294a0000)
  to   space 8704K,   0% used [0x294a0000, 0x294a0000, 0x29d20000)
 tenured generation   total 174784K, used 174784K [0x29d20000, 0x347d0000, 0x347d0000)
   the space 174784K, 100% used [0x29d20000, 0x347d0000, 0x347d0000, 0x347d0000)
 compacting perm gen  total 12288K, used 1560K [0x347d0000, 0x353d0000, 0x387d0000)
   the space 12288K,  12% used [0x347d0000, 0x34956030, 0x34956200, 0x353d0000)
    ro space 10240K,  44% used [0x387d0000, 0x38c47e30, 0x38c48000, 0x391d0000)
    rw space 12288K,  52% used [0x391d0000, 0x3981eb58, 0x3981ec00, 0x39dd0000)
Event: 17.528 GC heap after
Heap after GC invocations=28 (full 15):
 def new generation   total 78656K, used 78499K [0x247d0000, 0x29d20000, 0x29d20000)
  eden space 69952K,  99% used [0x247d0000, 0x28c1fff0, 0x28c20000)
  from space 8704K,  98% used [0x28c20000, 0x29478dc0, 0x294a0000)
  to   space 8704K,   0% used [0x294a0000, 0x294a0000, 0x29d20000)
 tenured generation   total 174784K, used 174784K [0x29d20000, 0x347d0000, 0x347d0000)
   the space 174784K, 100% used [0x29d20000, 0x347d0000, 0x347d0000, 0x347d0000)
 compacting perm gen  total 12288K, used 1560K [0x347d0000, 0x353d0000, 0x387d0000)
   the space 12288K,  12% used [0x347d0000, 0x34956030, 0x34956200, 0x353d0000)
    ro space 10240K,  44% used [0x387d0000, 0x38c47e30, 0x38c48000, 0x391d0000)
    rw space 12288K,  52% used [0x391d0000, 0x3981eb58, 0x3981ec00, 0x39dd0000)
}
Event: 17.531 GC heap before
{Heap before GC invocations=28 (full 15):
 def new generation   total 78656K, used 78655K [0x247d0000, 0x29d20000, 0x29d20000)
  eden space 69952K, 100% used [0x247d0000, 0x28c20000, 0x28c20000)
  from space 8704K,  99% used [0x28c20000, 0x2949fff8, 0x294a0000)
  to   space 8704K,   0% used [0x294a0000, 0x294a0000, 0x29d20000)
 tenured generation   total 174784K, used 174784K [0x29d20000, 0x347d0000, 0x347d0000)
   the space 174784K, 100% used [0x29d20000, 0x347d0000, 0x347d0000, 0x347d0000)
 compacting perm gen  total 12288K, used 1560K [0x347d0000, 0x353d0000, 0x387d0000)
   the space 12288K,  12% used [0x347d0000, 0x34956030, 0x34956200, 0x353d0000)
    ro space 10240K,  44% used [0x387d0000, 0x38c47e30, 0x38c48000, 0x391d0000)
    rw space 12288K,  52% used [0x391d0000, 0x3981eb58, 0x3981ec00, 0x39dd0000)
Event: 18.785 GC heap after
Heap after GC invocations=29 (full 16):
 def new generation   total 78656K, used 78577K [0x247d0000, 0x29d20000, 0x29d20000)
  eden space 69952K,  99% used [0x247d0000, 0x28c1fff0, 0x28c20000)
  from space 8704K,  99% used [0x28c20000, 0x2948c700, 0x294a0000)
  to   space 8704K,   0% used [0x294a0000, 0x294a0000, 0x29d20000)
 tenured generation   total 174784K, used 174783K [0x29d20000, 0x347d0000, 0x347d0000)
   the space 174784K,  99% used [0x29d20000, 0x347cfff0, 0x347d0000, 0x347d0000)
 compacting perm gen  total 12288K, used 1560K [0x347d0000, 0x353d0000, 0x387d0000)
   the space 12288K,  12% used [0x347d0000, 0x34956030, 0x34956200, 0x353d0000)
    ro space 10240K,  44% used [0x387d0000, 0x38c47e30, 0x38c48000, 0x391d0000)
    rw space 12288K,  52% used [0x391d0000, 0x3981eb58, 0x3981ec00, 0x39dd0000)
}
Event: 18.846 GC heap before
{Heap before GC invocations=29 (full 16):
 def new generation   total 78656K, used 78655K [0x247d0000, 0x29d20000, 0x29d20000)
  eden space 69952K, 100% used [0x247d0000, 0x28c20000, 0x28c20000)
  from space 8704K,  99% used [0x28c20000, 0x2949fff8, 0x294a0000)
  to   space 8704K,   0% used [0x294a0000, 0x294a0000, 0x29d20000)
 tenured generation   total 174784K, used 174784K [0x29d20000, 0x347d0000, 0x347d0000)
   the space 174784K, 100% used [0x29d20000, 0x347d0000, 0x347d0000, 0x347d0000)
 compacting perm gen  total 12288K, used 1560K [0x347d0000, 0x353d0000, 0x387d0000)
   the space 12288K,  12% used [0x347d0000, 0x34956030, 0x34956200, 0x353d0000)
    ro space 10240K,  44% used [0x387d0000, 0x38c47e30, 0x38c48000, 0x391d0000)
    rw space 12288K,  52% used [0x391d0000, 0x3981eb58, 0x3981ec00, 0x39dd0000)

